make all --print-data-base --no-builtin-variables --no-builtin-rules --question
# GNU Make 3.81
# Copyright (C) 2006  Free Software Foundation, Inc.
# This is free software; see the source for copying conditions.
# There is NO warranty; not even for MERCHANTABILITY or FITNESS FOR A
# PARTICULAR PURPOSE.

# This program built for i386-apple-darwin11.3.0

# Make data base, printed on Fri Sep  2 01:32:48 2022

# Variables

# automatic
<D = $(patsubst %/,%,$(dir $<))
# automatic
?F = $(notdir $?)
# environment
PROVIDE_FULLSTACK_ACTION = true
# automatic
?D = $(patsubst %/,%,$(dir $?))
# automatic
@D = $(patsubst %/,%,$(dir $@))
# automatic
@F = $(notdir $@)
# makefile
CURDIR := /Users/bytedance/code/bedrock/bedrock-metaserver
# makefile
SHELL = /bin/sh
# environment
VSCODE_NLS_CONFIG = {"locale":"zh-cn","availableLanguages":{},"_languagePackSupport":true}
# environment
_ = /usr/bin/make
# makefile (from `Makefile', line 1)
MAKEFILE_LIST :=  Makefile
# environment
GO111MODULE = on
# environment
VSCODE_AMD_ENTRYPOINT = vs/workbench/api/node/extensionHostProcess
# environment
__CFBundleIdentifier = com.microsoft.VSCode
# environment
VSCODE_CWD = /
# environment
GOPROXY = https://goproxy.byted.org|https://goproxy.cn|direct
# environment
PATH = /usr/local/opt/go@1.17/bin:/usr/local/opt/gnu-getopt/bin:/usr/local/opt/openjdk/bin:/Users/bytedance/.bytebm/bin:/Users/bytedance/Library/Python/3.9/bin:/usr/local/opt/texinfo/bin:/usr/local/bin:/usr/bin:/bin:/usr/sbin:/sbin:/usr/local/go/bin:/opt/puppetlabs/bin:/Library/Apple/usr/bin:/Users/bytedance/.cargo/bin:/Users/bytedance/go/bin:/Applications/Racket v7.5/bin:/Users/bytedance/code/third/emacs/nextstep/Emacs.app/Contents/MacOS/bin:/Users/bytedance/go/bin
# environment
LSCOLORS = Gxfxcxdxbxegedabagacad
# environment
GOLANG_EXECUTABLE = go
# environment
THREE_SCALE_USER_TOKEN = 207c527cfc2a6b8dcf4fa43ad7a976da
# environment
GOPATH = /Users/bytedance/go
# environment
ELECTRON_RUN_AS_NODE = 1
# default
.FEATURES := target-specific order-only second-expansion else-if archives jobserver check-symlink
# environment
UUID = c6c4a42e-0ba9-45f2-b43a-4f31b2147245
# environment
SSH_AUTH_SOCK = /private/tmp/com.apple.launchd.WNSKlpKXJi/Listeners
# automatic
%F = $(notdir $%)
# environment
PWD = /Users/bytedance/code/bedrock/bedrock-metaserver
# environment
ORIGINAL_XDG_CURRENT_DESKTOP = undefined
# environment
GOMODCACHE = /Users/bytedance/go/pkg/mod
# environment
HOME = /Users/bytedance
# default
MAKEFILEPATH = $(shell /usr/bin/xcode-select -print-path 2>/dev/null || echo /Developer)/Makefiles
# environment
VSCODE_CODE_CACHE_PATH = /Users/bytedance/Library/Application Support/Code/CachedData/e4503b30fc78200f846c62cf8091b76ff5547662
# environment
LOGNAME = bytedance
# environment
APPLICATION_INSIGHTS_NO_DIAGNOSTIC_CHANNEL = 1
# environment
TELEMETRY_ID = b7644444-0f10-4564-8139-e6689db8ef01
# environment
ZSH = /Users/bytedance/.oh-my-zsh
# environment
VSCODE_HANDLES_UNCAUGHT_ERRORS = true
# automatic
^D = $(patsubst %/,%,$(dir $^))
# environment
XPC_FLAGS = 0x0
# default
MAKE = $(MAKE_COMMAND)
# default
MAKECMDGOALS := all
# environment
SHLVL = 1
# default
MAKE_VERSION := 3.81
# environment
USER = bytedance
# makefile
.DEFAULT_GOAL := default
# environment
LESS = -R
# automatic
%D = $(patsubst %/,%,$(dir $%))
# default
MAKE_COMMAND := /Library/Developer/CommandLineTools/usr/bin/make
# environment
UTM_SOURCE = vscode
# default
.VARIABLES := 
# environment
TMPDIR = /var/folders/72/y0p6gkt50_vc3hvmt0lk100w0000gp/T/
# automatic
*F = $(notdir $*)
# environment
VSCODE_IPC_HOOK = /Users/bytedance/Library/Application Support/Code/1.70.2-main.sock
# environment
MallocNanoZone = 0
# environment
BYTEBM_SOURCED = 1
# makefile
MAKEFLAGS = Rrqp
# environment
MFLAGS = -Rrqp
# automatic
*D = $(patsubst %/,%,$(dir $*))
# environment
XPC_SERVICE_NAME = application.com.microsoft.VSCode.45658588.45658594
# automatic
+D = $(patsubst %/,%,$(dir $+))
# environment
GOSUMDB = sum.golang.google.cn
# environment
RECOMMENDER_API_URL = https://gw.api.openshift.io//api/v2
# automatic
+F = $(notdir $+)
# environment
__CF_USER_TEXT_ENCODING = 0x1F6:0x19:0x34
# environment
COMMAND_MODE = unix2003
# default
MAKEFILES := 
# automatic
<F = $(notdir $<)
# environment
GOPRIVATE = *.byted.org,*.everphoto.cn,git.smartisan.com
# environment
PIPENV_VENV_IN_PROJECT = 1
# environment
PAGER = less
# environment
LC_ALL = C
# automatic
^F = $(notdir $^)
# default
SUFFIXES := 
# default
.INCLUDE_DIRS = /usr/local/include
# environment
MAKELEVEL := 0
# environment
LANG = C
# environment
VSCODE_PID = 67034
# variable set hash-table stats:
# Load=77/1024=8%, Rehash=0, Collisions=3/101=3%

# Pattern-specific Variable Values

# No pattern-specific variable values.

# Directories

# . (device 16777220, inode 8300903): 30 files, no impossibilities.

# 30 files, no impossibilities in 1 directories.

# Implicit Rules

# No implicit rules.

# Files

# Not a target:
all:
#  Command-line target.
#  Implicit rule search has been done.
#  File does not exist.
#  File has not been updated.
# variable set hash-table stats:
# Load=0/32=0%, Rehash=0, Collisions=0/0=0%

.PHONY: clean proto metaserver mscli
#  Implicit rule search has not been done.
#  Modification time never checked.
#  File has not been updated.

# Not a target:
.SUFFIXES:
#  Implicit rule search has not been done.
#  Modification time never checked.
#  File has not been updated.

metaserver: cmd/server/metaserver.go
#  Phony target (prerequisite of .PHONY).
#  Implicit rule search has not been done.
#  File does not exist.
#  File has not been updated.
#  commands to execute (from `Makefile', line 4):
	cp proto/metaserver.pb.go service/
	cp proto/metaserver_grpc.pb.go service/
	cp proto/dataserver.pb.go dataserver/
	cp proto/dataserver_grpc.pb.go dataserver/
	rm -f proto/*.cc proto/*.h
	go build -race $^
	

# Not a target:
Makefile:
#  Implicit rule search has been done.
#  Last modified 2022-08-16 01:35:52
#  File has been updated.
#  Successfully updated.
# variable set hash-table stats:
# Load=0/32=0%, Rehash=0, Collisions=0/0=0%

# Not a target:
cmd/server/metaserver.go:
#  Implicit rule search has not been done.
#  Modification time never checked.
#  File has not been updated.

proto:
#  Phony target (prerequisite of .PHONY).
#  Implicit rule search has not been done.
#  File does not exist.
#  File has not been updated.

default: metaserver mscli
#  Implicit rule search has not been done.
#  Modification time never checked.
#  File has not been updated.

# Not a target:
.DEFAULT:
#  Implicit rule search has not been done.
#  Modification time never checked.
#  File has not been updated.

# Not a target:
cmd/client/mscli.go:
#  Implicit rule search has not been done.
#  Modification time never checked.
#  File has not been updated.

clean:
#  Phony target (prerequisite of .PHONY).
#  Implicit rule search has not been done.
#  File does not exist.
#  File has not been updated.
#  commands to execute (from `Makefile', line 18):
	rm -f metaserver mscli
	

mscli: cmd/client/mscli.go
#  Phony target (prerequisite of .PHONY).
#  Implicit rule search has not been done.
#  File does not exist.
#  File has not been updated.
#  commands to execute (from `Makefile', line 14):
	rm -f proto/*.cc proto/*.h
	go build $^
	

# files hash-table stats:
# Load=12/1024=1%, Rehash=0, Collisions=2/32=6%
# VPATH Search Paths

# No `vpath' search paths.

# No general (`VPATH' variable) search path.

# # of strings in strcache: 1
# # of strcache buffers: 1
# strcache size: total = 4096 / max = 4096 / min = 4096 / avg = 4096
# strcache free: total = 4087 / max = 4087 / min = 4087 / avg = 4087

# Finished Make data base on Fri Sep  2 01:32:48 2022

 
make: *** No rule to make target `all'.  Stop.

